<?xml version="1.0" encoding="UTF-8"?>
<testsuite xmlns:xsi="http://www.w3.org/2001/XMLSchema-instance" xsi:noNamespaceSchemaLocation="https://maven.apache.org/surefire/maven-surefire-plugin/xsd/surefire-test-report-3.0.xsd" version="3.0" name="runners.TestRunner" time="10.486" tests="2" errors="0" skipped="0" failures="0">
  <properties>
    <property name="gopherProxySet" value="false"/>
    <property name="awt.toolkit" value="sun.lwawt.macosx.LWCToolkit"/>
    <property name="java.specification.version" value="11"/>
    <property name="sun.cpu.isalist" value=""/>
    <property name="sun.jnu.encoding" value="UTF-8"/>
    <property name="java.class.path" value="/Users/maniswa/movieframework/target/test-classes:/Users/maniswa/movieframework/target/classes:/Users/maniswa/.m2/repository/io/cucumber/cucumber-java/7.2.3/cucumber-java-7.2.3.jar:/Users/maniswa/.m2/repository/io/cucumber/cucumber-core/7.2.3/cucumber-core-7.2.3.jar:/Users/maniswa/.m2/repository/io/cucumber/cucumber-gherkin/7.2.3/cucumber-gherkin-7.2.3.jar:/Users/maniswa/.m2/repository/io/cucumber/cucumber-gherkin-messages/7.2.3/cucumber-gherkin-messages-7.2.3.jar:/Users/maniswa/.m2/repository/io/cucumber/messages/17.1.1/messages-17.1.1.jar:/Users/maniswa/.m2/repository/io/cucumber/tag-expressions/4.1.0/tag-expressions-4.1.0.jar:/Users/maniswa/.m2/repository/io/cucumber/cucumber-expressions/15.0.1/cucumber-expressions-15.0.1.jar:/Users/maniswa/.m2/repository/io/cucumber/datatable/7.2.3/datatable-7.2.3.jar:/Users/maniswa/.m2/repository/io/cucumber/cucumber-plugin/7.2.3/cucumber-plugin-7.2.3.jar:/Users/maniswa/.m2/repository/io/cucumber/docstring/7.2.3/docstring-7.2.3.jar:/Users/maniswa/.m2/repository/io/cucumber/html-formatter/17.0.0/html-formatter-17.0.0.jar:/Users/maniswa/.m2/repository/io/cucumber/ci-environment/8.1.0/ci-environment-8.1.0.jar:/Users/maniswa/.m2/repository/org/apiguardian/apiguardian-api/1.1.2/apiguardian-api-1.1.2.jar:/Users/maniswa/.m2/repository/io/cucumber/cucumber-junit/7.2.3/cucumber-junit-7.2.3.jar:/Users/maniswa/.m2/repository/io/cucumber/cucumber-jvm-deps/1.0.6/cucumber-jvm-deps-1.0.6.jar:/Users/maniswa/.m2/repository/junit/junit/4.13.2/junit-4.13.2.jar:/Users/maniswa/.m2/repository/org/hamcrest/hamcrest-core/1.3/hamcrest-core-1.3.jar:/Users/maniswa/.m2/repository/io/rest-assured/rest-assured/4.5.0/rest-assured-4.5.0.jar:/Users/maniswa/.m2/repository/org/codehaus/groovy/groovy/3.0.9/groovy-3.0.9.jar:/Users/maniswa/.m2/repository/org/codehaus/groovy/groovy-xml/3.0.9/groovy-xml-3.0.9.jar:/Users/maniswa/.m2/repository/org/apache/httpcomponents/httpclient/4.5.13/httpclient-4.5.13.jar:/Users/maniswa/.m2/repository/org/apache/httpcomponents/httpcore/4.4.13/httpcore-4.4.13.jar:/Users/maniswa/.m2/repository/commons-logging/commons-logging/1.2/commons-logging-1.2.jar:/Users/maniswa/.m2/repository/commons-codec/commons-codec/1.11/commons-codec-1.11.jar:/Users/maniswa/.m2/repository/org/apache/httpcomponents/httpmime/4.5.13/httpmime-4.5.13.jar:/Users/maniswa/.m2/repository/org/hamcrest/hamcrest/2.1/hamcrest-2.1.jar:/Users/maniswa/.m2/repository/org/ccil/cowan/tagsoup/tagsoup/1.2.1/tagsoup-1.2.1.jar:/Users/maniswa/.m2/repository/io/rest-assured/json-path/4.5.0/json-path-4.5.0.jar:/Users/maniswa/.m2/repository/org/codehaus/groovy/groovy-json/3.0.9/groovy-json-3.0.9.jar:/Users/maniswa/.m2/repository/io/rest-assured/rest-assured-common/4.5.0/rest-assured-common-4.5.0.jar:/Users/maniswa/.m2/repository/io/rest-assured/xml-path/4.5.0/xml-path-4.5.0.jar:/Users/maniswa/.m2/repository/net/masterthought/cucumber-reporting/5.3.0/cucumber-reporting-5.3.0.jar:/Users/maniswa/.m2/repository/com/fasterxml/jackson/core/jackson-databind/2.10.1/jackson-databind-2.10.1.jar:/Users/maniswa/.m2/repository/com/fasterxml/jackson/core/jackson-annotations/2.10.1/jackson-annotations-2.10.1.jar:/Users/maniswa/.m2/repository/com/fasterxml/jackson/core/jackson-core/2.10.1/jackson-core-2.10.1.jar:/Users/maniswa/.m2/repository/com/fasterxml/jackson/datatype/jackson-datatype-jsr310/2.10.1/jackson-datatype-jsr310-2.10.1.jar:/Users/maniswa/.m2/repository/org/apache/velocity/velocity-engine-core/2.1/velocity-engine-core-2.1.jar:/Users/maniswa/.m2/repository/org/slf4j/slf4j-api/1.7.26/slf4j-api-1.7.26.jar:/Users/maniswa/.m2/repository/commons-collections/commons-collections/3.2.2/commons-collections-3.2.2.jar:/Users/maniswa/.m2/repository/joda-time/joda-time/2.10.5/joda-time-2.10.5.jar:/Users/maniswa/.m2/repository/org/apache/commons/commons-lang3/3.9/commons-lang3-3.9.jar:/Users/maniswa/.m2/repository/commons-io/commons-io/2.6/commons-io-2.6.jar:/Users/maniswa/.m2/repository/org/codehaus/plexus/plexus-utils/3.3.0/plexus-utils-3.3.0.jar:/Users/maniswa/.m2/repository/org/jsoup/jsoup/1.12.1/jsoup-1.12.1.jar:/Users/maniswa/.m2/repository/com/googlecode/owasp-java-html-sanitizer/owasp-java-html-sanitizer/20191001.1/owasp-java-html-sanitizer-20191001.1.jar:/Users/maniswa/.m2/repository/commons-configuration/commons-configuration/1.10/commons-configuration-1.10.jar:/Users/maniswa/.m2/repository/commons-lang/commons-lang/2.6/commons-lang-2.6.jar:/Users/maniswa/.m2/repository/com/google/guava/guava/31.0.1-jre/guava-31.0.1-jre.jar:/Users/maniswa/.m2/repository/com/google/guava/failureaccess/1.0.1/failureaccess-1.0.1.jar:/Users/maniswa/.m2/repository/com/google/guava/listenablefuture/9999.0-empty-to-avoid-conflict-with-guava/listenablefuture-9999.0-empty-to-avoid-conflict-with-guava.jar:/Users/maniswa/.m2/repository/com/google/code/findbugs/jsr305/3.0.2/jsr305-3.0.2.jar:/Users/maniswa/.m2/repository/org/checkerframework/checker-qual/3.12.0/checker-qual-3.12.0.jar:/Users/maniswa/.m2/repository/com/google/errorprone/error_prone_annotations/2.7.1/error_prone_annotations-2.7.1.jar:/Users/maniswa/.m2/repository/com/google/j2objc/j2objc-annotations/1.3/j2objc-annotations-1.3.jar:/Users/maniswa/.m2/repository/org/apache/commons/commons-collections4/4.4/commons-collections4-4.4.jar:/Users/maniswa/.m2/repository/org/apache/logging/log4j/log4j-core/2.17.1/log4j-core-2.17.1.jar:/Users/maniswa/.m2/repository/org/apache/logging/log4j/log4j-api/2.17.1/log4j-api-2.17.1.jar:"/>
    <property name="java.vm.vendor" value="Oracle Corporation"/>
    <property name="sun.arch.data.model" value="64"/>
    <property name="java.vendor.url" value="https://openjdk.java.net/"/>
    <property name="user.timezone" value=""/>
    <property name="java.vm.specification.version" value="11"/>
    <property name="os.name" value="Mac OS X"/>
    <property name="sun.java.launcher" value="SUN_STANDARD"/>
    <property name="user.country" value="IN"/>
    <property name="sun.boot.library.path" value="/Library/Java/JavaVirtualMachines/jdk-11.0.12.jdk/Contents/Home/lib"/>
    <property name="sun.java.command" value="/Users/maniswa/movieframework/target/surefire/surefirebooter3871915140615366996.jar /Users/maniswa/movieframework/target/surefire 2022-01-28T21-46-20_219-jvmRun1 surefire17863008977788024593tmp surefire_09469596146046010991tmp"/>
    <property name="http.nonProxyHosts" value="local|*.local|169.254/16|*.169.254/16"/>
    <property name="jdk.debug" value="release"/>
    <property name="surefire.test.class.path" value="/Users/maniswa/movieframework/target/test-classes:/Users/maniswa/movieframework/target/classes:/Users/maniswa/.m2/repository/io/cucumber/cucumber-java/7.2.3/cucumber-java-7.2.3.jar:/Users/maniswa/.m2/repository/io/cucumber/cucumber-core/7.2.3/cucumber-core-7.2.3.jar:/Users/maniswa/.m2/repository/io/cucumber/cucumber-gherkin/7.2.3/cucumber-gherkin-7.2.3.jar:/Users/maniswa/.m2/repository/io/cucumber/cucumber-gherkin-messages/7.2.3/cucumber-gherkin-messages-7.2.3.jar:/Users/maniswa/.m2/repository/io/cucumber/messages/17.1.1/messages-17.1.1.jar:/Users/maniswa/.m2/repository/io/cucumber/tag-expressions/4.1.0/tag-expressions-4.1.0.jar:/Users/maniswa/.m2/repository/io/cucumber/cucumber-expressions/15.0.1/cucumber-expressions-15.0.1.jar:/Users/maniswa/.m2/repository/io/cucumber/datatable/7.2.3/datatable-7.2.3.jar:/Users/maniswa/.m2/repository/io/cucumber/cucumber-plugin/7.2.3/cucumber-plugin-7.2.3.jar:/Users/maniswa/.m2/repository/io/cucumber/docstring/7.2.3/docstring-7.2.3.jar:/Users/maniswa/.m2/repository/io/cucumber/html-formatter/17.0.0/html-formatter-17.0.0.jar:/Users/maniswa/.m2/repository/io/cucumber/ci-environment/8.1.0/ci-environment-8.1.0.jar:/Users/maniswa/.m2/repository/org/apiguardian/apiguardian-api/1.1.2/apiguardian-api-1.1.2.jar:/Users/maniswa/.m2/repository/io/cucumber/cucumber-junit/7.2.3/cucumber-junit-7.2.3.jar:/Users/maniswa/.m2/repository/io/cucumber/cucumber-jvm-deps/1.0.6/cucumber-jvm-deps-1.0.6.jar:/Users/maniswa/.m2/repository/junit/junit/4.13.2/junit-4.13.2.jar:/Users/maniswa/.m2/repository/org/hamcrest/hamcrest-core/1.3/hamcrest-core-1.3.jar:/Users/maniswa/.m2/repository/io/rest-assured/rest-assured/4.5.0/rest-assured-4.5.0.jar:/Users/maniswa/.m2/repository/org/codehaus/groovy/groovy/3.0.9/groovy-3.0.9.jar:/Users/maniswa/.m2/repository/org/codehaus/groovy/groovy-xml/3.0.9/groovy-xml-3.0.9.jar:/Users/maniswa/.m2/repository/org/apache/httpcomponents/httpclient/4.5.13/httpclient-4.5.13.jar:/Users/maniswa/.m2/repository/org/apache/httpcomponents/httpcore/4.4.13/httpcore-4.4.13.jar:/Users/maniswa/.m2/repository/commons-logging/commons-logging/1.2/commons-logging-1.2.jar:/Users/maniswa/.m2/repository/commons-codec/commons-codec/1.11/commons-codec-1.11.jar:/Users/maniswa/.m2/repository/org/apache/httpcomponents/httpmime/4.5.13/httpmime-4.5.13.jar:/Users/maniswa/.m2/repository/org/hamcrest/hamcrest/2.1/hamcrest-2.1.jar:/Users/maniswa/.m2/repository/org/ccil/cowan/tagsoup/tagsoup/1.2.1/tagsoup-1.2.1.jar:/Users/maniswa/.m2/repository/io/rest-assured/json-path/4.5.0/json-path-4.5.0.jar:/Users/maniswa/.m2/repository/org/codehaus/groovy/groovy-json/3.0.9/groovy-json-3.0.9.jar:/Users/maniswa/.m2/repository/io/rest-assured/rest-assured-common/4.5.0/rest-assured-common-4.5.0.jar:/Users/maniswa/.m2/repository/io/rest-assured/xml-path/4.5.0/xml-path-4.5.0.jar:/Users/maniswa/.m2/repository/net/masterthought/cucumber-reporting/5.3.0/cucumber-reporting-5.3.0.jar:/Users/maniswa/.m2/repository/com/fasterxml/jackson/core/jackson-databind/2.10.1/jackson-databind-2.10.1.jar:/Users/maniswa/.m2/repository/com/fasterxml/jackson/core/jackson-annotations/2.10.1/jackson-annotations-2.10.1.jar:/Users/maniswa/.m2/repository/com/fasterxml/jackson/core/jackson-core/2.10.1/jackson-core-2.10.1.jar:/Users/maniswa/.m2/repository/com/fasterxml/jackson/datatype/jackson-datatype-jsr310/2.10.1/jackson-datatype-jsr310-2.10.1.jar:/Users/maniswa/.m2/repository/org/apache/velocity/velocity-engine-core/2.1/velocity-engine-core-2.1.jar:/Users/maniswa/.m2/repository/org/slf4j/slf4j-api/1.7.26/slf4j-api-1.7.26.jar:/Users/maniswa/.m2/repository/commons-collections/commons-collections/3.2.2/commons-collections-3.2.2.jar:/Users/maniswa/.m2/repository/joda-time/joda-time/2.10.5/joda-time-2.10.5.jar:/Users/maniswa/.m2/repository/org/apache/commons/commons-lang3/3.9/commons-lang3-3.9.jar:/Users/maniswa/.m2/repository/commons-io/commons-io/2.6/commons-io-2.6.jar:/Users/maniswa/.m2/repository/org/codehaus/plexus/plexus-utils/3.3.0/plexus-utils-3.3.0.jar:/Users/maniswa/.m2/repository/org/jsoup/jsoup/1.12.1/jsoup-1.12.1.jar:/Users/maniswa/.m2/repository/com/googlecode/owasp-java-html-sanitizer/owasp-java-html-sanitizer/20191001.1/owasp-java-html-sanitizer-20191001.1.jar:/Users/maniswa/.m2/repository/commons-configuration/commons-configuration/1.10/commons-configuration-1.10.jar:/Users/maniswa/.m2/repository/commons-lang/commons-lang/2.6/commons-lang-2.6.jar:/Users/maniswa/.m2/repository/com/google/guava/guava/31.0.1-jre/guava-31.0.1-jre.jar:/Users/maniswa/.m2/repository/com/google/guava/failureaccess/1.0.1/failureaccess-1.0.1.jar:/Users/maniswa/.m2/repository/com/google/guava/listenablefuture/9999.0-empty-to-avoid-conflict-with-guava/listenablefuture-9999.0-empty-to-avoid-conflict-with-guava.jar:/Users/maniswa/.m2/repository/com/google/code/findbugs/jsr305/3.0.2/jsr305-3.0.2.jar:/Users/maniswa/.m2/repository/org/checkerframework/checker-qual/3.12.0/checker-qual-3.12.0.jar:/Users/maniswa/.m2/repository/com/google/errorprone/error_prone_annotations/2.7.1/error_prone_annotations-2.7.1.jar:/Users/maniswa/.m2/repository/com/google/j2objc/j2objc-annotations/1.3/j2objc-annotations-1.3.jar:/Users/maniswa/.m2/repository/org/apache/commons/commons-collections4/4.4/commons-collections4-4.4.jar:/Users/maniswa/.m2/repository/org/apache/logging/log4j/log4j-core/2.17.1/log4j-core-2.17.1.jar:/Users/maniswa/.m2/repository/org/apache/logging/log4j/log4j-api/2.17.1/log4j-api-2.17.1.jar:"/>
    <property name="sun.cpu.endian" value="little"/>
    <property name="user.home" value="/Users/maniswa"/>
    <property name="user.language" value="en"/>
    <property name="java.specification.vendor" value="Oracle Corporation"/>
    <property name="java.version.date" value="2021-07-20"/>
    <property name="java.home" value="/Library/Java/JavaVirtualMachines/jdk-11.0.12.jdk/Contents/Home"/>
    <property name="file.separator" value="/"/>
    <property name="basedir" value="/Users/maniswa/movieframework"/>
    <property name="java.vm.compressedOopsMode" value="Zero based"/>
    <property name="line.separator" value="&#10;"/>
    <property name="java.specification.name" value="Java Platform API Specification"/>
    <property name="java.vm.specification.vendor" value="Oracle Corporation"/>
    <property name="java.awt.graphicsenv" value="sun.awt.CGraphicsEnvironment"/>
    <property name="surefire.real.class.path" value="/Users/maniswa/movieframework/target/surefire/surefirebooter3871915140615366996.jar"/>
    <property name="sun.management.compiler" value="HotSpot 64-Bit Tiered Compilers"/>
    <property name="ftp.nonProxyHosts" value="local|*.local|169.254/16|*.169.254/16"/>
    <property name="java.runtime.version" value="11.0.12+8-LTS-237"/>
    <property name="user.name" value="maniswa"/>
    <property name="path.separator" value=":"/>
    <property name="os.version" value="11.1"/>
    <property name="java.runtime.name" value="Java(TM) SE Runtime Environment"/>
    <property name="file.encoding" value="US-ASCII"/>
    <property name="java.vm.name" value="Java HotSpot(TM) 64-Bit Server VM"/>
    <property name="java.vendor.version" value="18.9"/>
    <property name="localRepository" value="/Users/maniswa/.m2/repository"/>
    <property name="java.vendor.url.bug" value="https://bugreport.java.com/bugreport/"/>
    <property name="java.io.tmpdir" value="/var/folders/lz/59b8yx5j5vl73n3jd6cdwwh80000gn/T/"/>
    <property name="java.version" value="11.0.12"/>
    <property name="user.dir" value="/Users/maniswa/movieframework"/>
    <property name="os.arch" value="x86_64"/>
    <property name="java.vm.specification.name" value="Java Virtual Machine Specification"/>
    <property name="java.awt.printerjob" value="sun.lwawt.macosx.CPrinterJob"/>
    <property name="sun.os.patch.level" value="unknown"/>
    <property name="java.library.path" value="/Users/maniswa/Library/Java/Extensions:/Library/Java/Extensions:/Network/Library/Java/Extensions:/System/Library/Java/Extensions:/usr/lib/java:."/>
    <property name="java.vendor" value="Oracle Corporation"/>
    <property name="java.vm.info" value="mixed mode"/>
    <property name="java.vm.version" value="11.0.12+8-LTS-237"/>
    <property name="sun.io.unicode.encoding" value="UnicodeBig"/>
    <property name="java.class.version" value="55.0"/>
    <property name="socksNonProxyHosts" value="local|*.local|169.254/16|*.169.254/16"/>
  </properties>
  <testcase name="Authorized user is able to retrieve the promotion details" classname="E2E Test cases to validate all the promotions details and" time="5.991">
    <system-out><![CDATA[
@validatePromotionDetails
Scenario: Authorized user is able to retrieve the promotion details # src/test/resources/ftusecase/E2E.feature:7
  Given I launch the promotion endpoint                             # stepDefinitions.stepDefinitions.i_launch_the_promotion_endpoint()
Response is : 200
  When I authenticate the user using valid apikey                   # stepDefinitions.stepDefinitions.i_authenticate_the_user_using_valid_apikey()
  Then I retrieve the promotion details                             # stepDefinitions.stepDefinitions.i_retrieve_the_promotion_details()
  And I validate the response status                                # stepDefinitions.stepDefinitions.i_validate_the_response_status()
Sabe movie
  And I validate the promotion details                              # stepDefinitions.stepDefinitions.i_validate_the_promotion_details()
]]></system-out>
  </testcase>
  <testcase name="UnAuthorized user is not able to retrieve the promotion details" classname="E2E Test cases to validate all the promotions details and" time="0.458">
    <system-out><![CDATA[
@InvalidAPIRequest
Scenario: UnAuthorized user is not able to retrieve the promotion details # src/test/resources/ftusecase/E2E.feature:16
  Given I launch the promotion endpoint                                   # stepDefinitions.stepDefinitions.i_launch_the_promotion_endpoint()
Response is : 403
  When I pass the invalid apikey                                          # stepDefinitions.stepDefinitions.i_pass_the_invalid_apikey()
  And I validate the response status as 403                               # stepDefinitions.stepDefinitions.i_validate_the_response_status_as(java.lang.Integer)
  And I validate the Error message                                        # stepDefinitions.stepDefinitions.i_validate_the_error_message()
]]></system-out>
  </testcase>
</testsuite>